Connecting to database specified by database.yml
  [1m[36m (59.8ms)[0m  [1mSELECT "schema_migrations"."version" FROM "schema_migrations" [0m
Migrating to CreateMovies (20111119180638)
  [1m[35m (0.5ms)[0m  select sqlite_version(*)
  [1m[36m (0.3ms)[0m  [1mSELECT "schema_migrations"."version" FROM "schema_migrations" [0m
Connecting to database specified by database.yml
  [1m[36m (5.0ms)[0m  [1mSELECT "schema_migrations"."version" FROM "schema_migrations" [0m
  [1m[35m (0.5ms)[0m  select sqlite_version(*)
  [1m[36m (180.2ms)[0m  [1mCREATE TABLE "movies" ("id" INTEGER PRIMARY KEY AUTOINCREMENT NOT NULL, "title" varchar(255), "rating" varchar(255), "description" text, "release_date" datetime, "created_at" datetime, "updated_at" datetime) [0m
  [1m[35m (19.6ms)[0m  CREATE TABLE "schema_migrations" ("version" varchar(255) NOT NULL) 
  [1m[36m (301.4ms)[0m  [1mCREATE UNIQUE INDEX "unique_schema_migrations" ON "schema_migrations" ("version")[0m
  [1m[35m (0.4ms)[0m  SELECT version FROM "schema_migrations"
  [1m[36m (187.5ms)[0m  [1mINSERT INTO "schema_migrations" (version) VALUES ('20120130161449')[0m
  [1m[35m (556.2ms)[0m  INSERT INTO "schema_migrations" (version) VALUES ('20111119180638')
Connecting to database specified by database.yml
  [1m[36m (5.6ms)[0m  [1mSELECT "schema_migrations"."version" FROM "schema_migrations" [0m
  [1m[35m (0.6ms)[0m  select sqlite_version(*)
  [1m[36m (1373.2ms)[0m  [1mCREATE TABLE "movies" ("id" INTEGER PRIMARY KEY AUTOINCREMENT NOT NULL, "title" varchar(255), "rating" varchar(255), "description" text, "release_date" datetime, "created_at" datetime, "updated_at" datetime) [0m
  [1m[35m (234.1ms)[0m  CREATE TABLE "schema_migrations" ("version" varchar(255) NOT NULL) 
  [1m[36m (753.1ms)[0m  [1mCREATE UNIQUE INDEX "unique_schema_migrations" ON "schema_migrations" ("version")[0m
  [1m[35m (0.3ms)[0m  SELECT version FROM "schema_migrations"
  [1m[36m (407.7ms)[0m  [1mINSERT INTO "schema_migrations" (version) VALUES ('20120130161449')[0m
  [1m[35m (587.7ms)[0m  INSERT INTO "schema_migrations" (version) VALUES ('20111119180638')
Connecting to database specified by database.yml
  [1m[36m (4.9ms)[0m  [1mSELECT "schema_migrations"."version" FROM "schema_migrations" [0m
  [1m[35m (0.6ms)[0m  select sqlite_version(*)
  [1m[36m (69.0ms)[0m  [1mCREATE TABLE "movies" ("id" INTEGER PRIMARY KEY AUTOINCREMENT NOT NULL, "title" varchar(255), "rating" varchar(255), "description" text, "release_date" datetime, "created_at" datetime, "updated_at" datetime) [0m
  [1m[35m (63.1ms)[0m  CREATE TABLE "schema_migrations" ("version" varchar(255) NOT NULL) 
  [1m[36m (60.1ms)[0m  [1mCREATE UNIQUE INDEX "unique_schema_migrations" ON "schema_migrations" ("version")[0m
  [1m[35m (0.2ms)[0m  SELECT version FROM "schema_migrations"
  [1m[36m (34.6ms)[0m  [1mINSERT INTO "schema_migrations" (version) VALUES ('20120130161449')[0m
  [1m[35m (41.7ms)[0m  INSERT INTO "schema_migrations" (version) VALUES ('20111119180638')
Connecting to database specified by database.yml
  [1m[36m (2.1ms)[0m  [1mSELECT "schema_migrations"."version" FROM "schema_migrations" [0m
  [1m[35m (0.4ms)[0m  select sqlite_version(*)
  [1m[36m (76.9ms)[0m  [1mCREATE TABLE "movies" ("id" INTEGER PRIMARY KEY AUTOINCREMENT NOT NULL, "title" varchar(255), "rating" varchar(255), "description" text, "release_date" datetime, "created_at" datetime, "updated_at" datetime) [0m
  [1m[35m (50.0ms)[0m  CREATE TABLE "schema_migrations" ("version" varchar(255) NOT NULL) 
  [1m[36m (57.9ms)[0m  [1mCREATE UNIQUE INDEX "unique_schema_migrations" ON "schema_migrations" ("version")[0m
  [1m[35m (0.1ms)[0m  SELECT version FROM "schema_migrations"
  [1m[36m (11.8ms)[0m  [1mINSERT INTO "schema_migrations" (version) VALUES ('20120130161449')[0m
  [1m[35m (22.2ms)[0m  INSERT INTO "schema_migrations" (version) VALUES ('20111119180638')
Connecting to database specified by database.yml
Connecting to database specified by database.yml
  [1m[36m (5.5ms)[0m  [1mSELECT "schema_migrations"."version" FROM "schema_migrations" [0m
Migrating to CreateMovies (20111119180638)
Migrating to AddDirectorToMovies (20150410201002)
  [1m[35m (0.1ms)[0m  select sqlite_version(*)
  [1m[36m (0.2ms)[0m  [1mbegin transaction[0m
  [1m[35m (1.1ms)[0m  ALTER TABLE "movies" ADD "director" varchar(255)
  [1m[36m (0.3ms)[0m  [1mINSERT INTO "schema_migrations" ("version") VALUES ('20150410201002')[0m
  [1m[35m (69.2ms)[0m  commit transaction
  [1m[36m (0.3ms)[0m  [1mSELECT "schema_migrations"."version" FROM "schema_migrations" [0m
Connecting to database specified by database.yml
  [1m[36m (10.7ms)[0m  [1mSELECT "schema_migrations"."version" FROM "schema_migrations" [0m
  [1m[35m (0.6ms)[0m  select sqlite_version(*)
  [1m[36m (24.8ms)[0m  [1mCREATE TABLE "movies" ("id" INTEGER PRIMARY KEY AUTOINCREMENT NOT NULL, "title" varchar(255), "rating" varchar(255), "description" text, "release_date" datetime, "created_at" datetime, "updated_at" datetime, "director" varchar(255)) [0m
  [1m[35m (15.8ms)[0m  CREATE TABLE "schema_migrations" ("version" varchar(255) NOT NULL) 
  [1m[36m (16.7ms)[0m  [1mCREATE UNIQUE INDEX "unique_schema_migrations" ON "schema_migrations" ("version")[0m
  [1m[35m (0.3ms)[0m  SELECT version FROM "schema_migrations"
  [1m[36m (46.0ms)[0m  [1mINSERT INTO "schema_migrations" (version) VALUES ('20150410201002')[0m
  [1m[35m (16.0ms)[0m  INSERT INTO "schema_migrations" (version) VALUES ('20111119180638')


Started GET "/movies" for 127.0.0.1 at 2015-04-10 17:14:34 -0300
Connecting to database specified by database.yml
Processing by MoviesController#index as HTML
Redirected to http://localhost:3000/movies?ratings%5BG%5D=G&ratings%5BNC-17%5D=NC-17&ratings%5BPG%5D=PG&ratings%5BPG-13%5D=PG-13&ratings%5BR%5D=R&sort=release_date
Completed 302 Found in 3.6ms (ActiveRecord: 0.0ms)


Started GET "/movies?ratings%5BG%5D=G&ratings%5BNC-17%5D=NC-17&ratings%5BPG%5D=PG&ratings%5BPG-13%5D=PG-13&ratings%5BR%5D=R&sort=release_date" for 127.0.0.1 at 2015-04-10 17:14:36 -0300
Processing by MoviesController#index as HTML
  Parameters: {"ratings"=>{"G"=>"G", "NC-17"=>"NC-17", "PG"=>"PG", "PG-13"=>"PG-13", "R"=>"R"}, "sort"=>"release_date"}
  [1m[36mMovie Load (1.2ms)[0m  [1mSELECT "movies".* FROM "movies" WHERE "movies"."rating" IN ('G', 'NC-17', 'PG', 'PG-13', 'R') ORDER BY release_date[0m
  Rendered movies/index.html.haml within layouts/application (159.9ms)
Compiled application.css  (0ms)  (pid 31503)
Compiled jquery.js  (4ms)  (pid 31503)
Compiled jquery_ujs.js  (1ms)  (pid 31503)
Compiled application.js  (149ms)  (pid 31503)
Completed 200 OK in 869.1ms (Views: 561.1ms | ActiveRecord: 20.8ms)


Started GET "/movies" for 127.0.0.1 at 2015-04-10 17:14:37 -0300
Processing by MoviesController#index as HTML
Redirected to http://localhost:3000/movies?ratings%5BG%5D=G&ratings%5BNC-17%5D=NC-17&ratings%5BPG%5D=PG&ratings%5BPG-13%5D=PG-13&ratings%5BR%5D=R&sort=release_date
Completed 302 Found in 6.5ms (ActiveRecord: 0.0ms)


Started GET "/movies?ratings%5BG%5D=G&ratings%5BNC-17%5D=NC-17&ratings%5BPG%5D=PG&ratings%5BPG-13%5D=PG-13&ratings%5BR%5D=R&sort=release_date" for 127.0.0.1 at 2015-04-10 17:14:37 -0300
Processing by MoviesController#index as HTML
  Parameters: {"ratings"=>{"G"=>"G", "NC-17"=>"NC-17", "PG"=>"PG", "PG-13"=>"PG-13", "R"=>"R"}, "sort"=>"release_date"}
  [1m[35mMovie Load (1.7ms)[0m  SELECT "movies".* FROM "movies" WHERE "movies"."rating" IN ('G', 'NC-17', 'PG', 'PG-13', 'R') ORDER BY release_date
  Rendered movies/index.html.haml within layouts/application (23.0ms)
Completed 200 OK in 38.6ms (Views: 32.4ms | ActiveRecord: 1.7ms)


Started GET "/assets/application.css?body=1" for 127.0.0.1 at 2015-04-10 17:14:37 -0300
Served asset /application.css - 200 OK (14ms)


Started GET "/assets/jquery.js?body=1" for 127.0.0.1 at 2015-04-10 17:14:38 -0300
Served asset /jquery.js - 200 OK (16ms)


Started GET "/assets/jquery_ujs.js?body=1" for 127.0.0.1 at 2015-04-10 17:14:38 -0300
Served asset /jquery_ujs.js - 200 OK (18ms)


Started GET "/assets/application.js?body=1" for 127.0.0.1 at 2015-04-10 17:14:38 -0300
Served asset /application.js - 304 Not Modified (28ms)


Started GET "/" for 127.0.0.1 at 2015-04-10 17:19:36 -0300
Connecting to database specified by database.yml

ActionController::RoutingError (No route matches [GET] "/"):
  actionpack (3.2.18) lib/action_dispatch/middleware/debug_exceptions.rb:21:in `call'
  actionpack (3.2.18) lib/action_dispatch/middleware/show_exceptions.rb:56:in `call'
  railties (3.2.18) lib/rails/rack/logger.rb:32:in `call_app'
  railties (3.2.18) lib/rails/rack/logger.rb:16:in `block in call'
  activesupport (3.2.18) lib/active_support/tagged_logging.rb:22:in `tagged'
  railties (3.2.18) lib/rails/rack/logger.rb:16:in `call'
  actionpack (3.2.18) lib/action_dispatch/middleware/request_id.rb:22:in `call'
  rack (1.4.5) lib/rack/methodoverride.rb:21:in `call'
  rack (1.4.5) lib/rack/runtime.rb:17:in `call'
  activesupport (3.2.18) lib/active_support/cache/strategy/local_cache.rb:72:in `call'
  rack (1.4.5) lib/rack/lock.rb:15:in `call'
  actionpack (3.2.18) lib/action_dispatch/middleware/static.rb:63:in `call'
  railties (3.2.18) lib/rails/engine.rb:484:in `call'
  railties (3.2.18) lib/rails/application.rb:231:in `call'
  rack (1.4.5) lib/rack/content_length.rb:14:in `call'
  railties (3.2.18) lib/rails/rack/log_tailer.rb:17:in `call'
  rack (1.4.5) lib/rack/handler/webrick.rb:59:in `service'
  /home/saasbook/.rvm/rubies/ruby-1.9.3-p448/lib/ruby/1.9.1/webrick/httpserver.rb:138:in `service'
  /home/saasbook/.rvm/rubies/ruby-1.9.3-p448/lib/ruby/1.9.1/webrick/httpserver.rb:94:in `run'
  /home/saasbook/.rvm/rubies/ruby-1.9.3-p448/lib/ruby/1.9.1/webrick/server.rb:191:in `block in start_thread'


  Rendered /home/saasbook/.rvm/gems/ruby-1.9.3-p448/gems/actionpack-3.2.18/lib/action_dispatch/middleware/templates/rescues/routing_error.erb within rescues/layout (12.7ms)
Connecting to database specified by database.yml


Started GET "/" for 127.0.0.1 at 2015-04-10 17:21:12 -0300

ActionController::RoutingError (No route matches [GET] "/"):
  actionpack (3.2.18) lib/action_dispatch/middleware/debug_exceptions.rb:21:in `call'
  actionpack (3.2.18) lib/action_dispatch/middleware/show_exceptions.rb:56:in `call'
  railties (3.2.18) lib/rails/rack/logger.rb:32:in `call_app'
  railties (3.2.18) lib/rails/rack/logger.rb:16:in `block in call'
  activesupport (3.2.18) lib/active_support/tagged_logging.rb:22:in `tagged'
  railties (3.2.18) lib/rails/rack/logger.rb:16:in `call'
  actionpack (3.2.18) lib/action_dispatch/middleware/request_id.rb:22:in `call'
  rack (1.4.5) lib/rack/methodoverride.rb:21:in `call'
  rack (1.4.5) lib/rack/runtime.rb:17:in `call'
  activesupport (3.2.18) lib/active_support/cache/strategy/local_cache.rb:72:in `call'
  rack (1.4.5) lib/rack/lock.rb:15:in `call'
  actionpack (3.2.18) lib/action_dispatch/middleware/static.rb:63:in `call'
  railties (3.2.18) lib/rails/engine.rb:484:in `call'
  railties (3.2.18) lib/rails/application.rb:231:in `call'
  rack (1.4.5) lib/rack/content_length.rb:14:in `call'
  railties (3.2.18) lib/rails/rack/log_tailer.rb:17:in `call'
  rack (1.4.5) lib/rack/handler/webrick.rb:59:in `service'
  /home/saasbook/.rvm/rubies/ruby-1.9.3-p448/lib/ruby/1.9.1/webrick/httpserver.rb:138:in `service'
  /home/saasbook/.rvm/rubies/ruby-1.9.3-p448/lib/ruby/1.9.1/webrick/httpserver.rb:94:in `run'
  /home/saasbook/.rvm/rubies/ruby-1.9.3-p448/lib/ruby/1.9.1/webrick/server.rb:191:in `block in start_thread'


  Rendered /home/saasbook/.rvm/gems/ruby-1.9.3-p448/gems/actionpack-3.2.18/lib/action_dispatch/middleware/templates/rescues/routing_error.erb within rescues/layout (2.2ms)


Started GET "/movies" for 127.0.0.1 at 2015-04-10 17:21:18 -0300
Processing by MoviesController#index as HTML
Redirected to http://localhost:3000/movies?ratings%5BG%5D=G&ratings%5BNC-17%5D=NC-17&ratings%5BPG%5D=PG&ratings%5BPG-13%5D=PG-13&ratings%5BR%5D=R&sort=release_date
Completed 302 Found in 5.4ms (ActiveRecord: 0.0ms)


Started GET "/movies?ratings%5BG%5D=G&ratings%5BNC-17%5D=NC-17&ratings%5BPG%5D=PG&ratings%5BPG-13%5D=PG-13&ratings%5BR%5D=R&sort=release_date" for 127.0.0.1 at 2015-04-10 17:21:18 -0300
Processing by MoviesController#index as HTML
  Parameters: {"ratings"=>{"G"=>"G", "NC-17"=>"NC-17", "PG"=>"PG", "PG-13"=>"PG-13", "R"=>"R"}, "sort"=>"release_date"}
  [1m[36mMovie Load (1.2ms)[0m  [1mSELECT "movies".* FROM "movies" WHERE "movies"."rating" IN ('G', 'NC-17', 'PG', 'PG-13', 'R') ORDER BY release_date[0m
  Rendered movies/index.html.haml within layouts/application (80.1ms)
Completed 500 Internal Server Error in 380.8ms

ActionView::Template::Error (Inconsistent indentation: 2 tabs used for indentation, but the rest of the document was indented using 2 spaces.):
    24:         %td= movie.rating
    25:         %td= movie.release_date
    26:         %td= link_to "More about #{movie.title}", movie_path(movie)
    27: 		%td= movie.director
    28: 
    29: = link_to 'Add new movie', new_movie_path
  app/views/movies/index.html.haml:27


  Rendered /home/saasbook/.rvm/gems/ruby-1.9.3-p448/gems/actionpack-3.2.18/lib/action_dispatch/middleware/templates/rescues/_trace.erb (4.5ms)
  Rendered /home/saasbook/.rvm/gems/ruby-1.9.3-p448/gems/actionpack-3.2.18/lib/action_dispatch/middleware/templates/rescues/_request_and_response.erb (3.5ms)
  Rendered /home/saasbook/.rvm/gems/ruby-1.9.3-p448/gems/actionpack-3.2.18/lib/action_dispatch/middleware/templates/rescues/template_error.erb within rescues/layout (121.8ms)


Started GET "/movies" for 127.0.0.1 at 2015-04-10 17:22:27 -0300
Processing by MoviesController#index as HTML
Redirected to http://localhost:3000/movies?ratings%5BG%5D=G&ratings%5BNC-17%5D=NC-17&ratings%5BPG%5D=PG&ratings%5BPG-13%5D=PG-13&ratings%5BR%5D=R&sort=release_date
Completed 302 Found in 5.7ms (ActiveRecord: 0.0ms)


Started GET "/movies?ratings%5BG%5D=G&ratings%5BNC-17%5D=NC-17&ratings%5BPG%5D=PG&ratings%5BPG-13%5D=PG-13&ratings%5BR%5D=R&sort=release_date" for 127.0.0.1 at 2015-04-10 17:22:28 -0300
Processing by MoviesController#index as HTML
  Parameters: {"ratings"=>{"G"=>"G", "NC-17"=>"NC-17", "PG"=>"PG", "PG-13"=>"PG-13", "R"=>"R"}, "sort"=>"release_date"}
  [1m[35mMovie Load (1.3ms)[0m  SELECT "movies".* FROM "movies" WHERE "movies"."rating" IN ('G', 'NC-17', 'PG', 'PG-13', 'R') ORDER BY release_date
  Rendered movies/index.html.haml within layouts/application (68.0ms)
Completed 200 OK in 158.6ms (Views: 142.3ms | ActiveRecord: 1.3ms)


Started GET "/assets/application.css?body=1" for 127.0.0.1 at 2015-04-10 17:22:28 -0300
Served asset /application.css - 304 Not Modified (9ms)


Started GET "/assets/jquery.js?body=1" for 127.0.0.1 at 2015-04-10 17:22:28 -0300
Served asset /jquery.js - 304 Not Modified (14ms)


Started GET "/assets/application.js?body=1" for 127.0.0.1 at 2015-04-10 17:22:28 -0300
Served asset /application.js - 304 Not Modified (31ms)


Started GET "/movies" for 127.0.0.1 at 2015-04-10 17:23:53 -0300
Processing by MoviesController#index as HTML
Redirected to http://localhost:3000/movies?ratings%5BG%5D=G&ratings%5BNC-17%5D=NC-17&ratings%5BPG%5D=PG&ratings%5BPG-13%5D=PG-13&ratings%5BR%5D=R&sort=release_date
Completed 302 Found in 2.8ms (ActiveRecord: 0.0ms)


Started GET "/movies?ratings%5BG%5D=G&ratings%5BNC-17%5D=NC-17&ratings%5BPG%5D=PG&ratings%5BPG-13%5D=PG-13&ratings%5BR%5D=R&sort=release_date" for 127.0.0.1 at 2015-04-10 17:23:53 -0300
Processing by MoviesController#index as HTML
  Parameters: {"ratings"=>{"G"=>"G", "NC-17"=>"NC-17", "PG"=>"PG", "PG-13"=>"PG-13", "R"=>"R"}, "sort"=>"release_date"}
  [1m[36mMovie Load (1.1ms)[0m  [1mSELECT "movies".* FROM "movies" WHERE "movies"."rating" IN ('G', 'NC-17', 'PG', 'PG-13', 'R') ORDER BY release_date[0m
  Rendered movies/index.html.haml within layouts/application (42.5ms)
Completed 200 OK in 66.6ms (Views: 57.7ms | ActiveRecord: 1.1ms)


Started GET "/assets/application.css?body=1" for 127.0.0.1 at 2015-04-10 17:23:53 -0300
Served asset /application.css - 304 Not Modified (0ms)


Started GET "/assets/jquery.js?body=1" for 127.0.0.1 at 2015-04-10 17:23:53 -0300
Served asset /jquery.js - 304 Not Modified (6ms)


Started GET "/assets/jquery_ujs.js?body=1" for 127.0.0.1 at 2015-04-10 17:23:53 -0300
Served asset /jquery_ujs.js - 304 Not Modified (5ms)


Started GET "/assets/application.js?body=1" for 127.0.0.1 at 2015-04-10 17:23:53 -0300
Served asset /application.js - 304 Not Modified (3ms)


Started GET "/movies/new" for 127.0.0.1 at 2015-04-10 17:24:06 -0300
Processing by MoviesController#new as HTML
  Rendered movies/new.html.haml within layouts/application (125.9ms)
Completed 500 Internal Server Error in 134.5ms

ActionView::Template::Error (can't convert Symbol into String):
    12:   = date_select :movie, :release_date
    13: 
    14:   =label :movie, :director, 'Director'
    15:   =text_field :movie, :director, 'director'
    16: 
    17:   = submit_tag 'Save Changes'
  app/views/movies/new.html.haml:15:in `block in _app_views_movies_new_html_haml___969664296__631949428'
  app/views/movies/new.html.haml:3:in `_app_views_movies_new_html_haml___969664296__631949428'


  Rendered /home/saasbook/.rvm/gems/ruby-1.9.3-p448/gems/actionpack-3.2.18/lib/action_dispatch/middleware/templates/rescues/_trace.erb (6.2ms)
  Rendered /home/saasbook/.rvm/gems/ruby-1.9.3-p448/gems/actionpack-3.2.18/lib/action_dispatch/middleware/templates/rescues/_request_and_response.erb (4.2ms)
  Rendered /home/saasbook/.rvm/gems/ruby-1.9.3-p448/gems/actionpack-3.2.18/lib/action_dispatch/middleware/templates/rescues/template_error.erb within rescues/layout (36.8ms)


Started GET "/movies/new" for 127.0.0.1 at 2015-04-10 17:24:57 -0300
Processing by MoviesController#new as HTML
  Rendered movies/new.html.haml within layouts/application (39.6ms)
Completed 200 OK in 62.4ms (Views: 61.4ms | ActiveRecord: 0.0ms)


Started GET "/assets/application.css?body=1" for 127.0.0.1 at 2015-04-10 17:24:58 -0300
Served asset /application.css - 304 Not Modified (0ms)


Started GET "/assets/jquery.js?body=1" for 127.0.0.1 at 2015-04-10 17:24:58 -0300
Served asset /jquery.js - 304 Not Modified (2ms)


Started GET "/assets/jquery_ujs.js?body=1" for 127.0.0.1 at 2015-04-10 17:24:58 -0300
Served asset /jquery_ujs.js - 304 Not Modified (5ms)


Started GET "/assets/application.js?body=1" for 127.0.0.1 at 2015-04-10 17:24:58 -0300
Served asset /application.js - 304 Not Modified (8ms)


Started POST "/movies" for 127.0.0.1 at 2015-04-10 17:25:08 -0300
Processing by MoviesController#create as HTML
  Parameters: {"utf8"=>"✓", "authenticity_token"=>"OzcZNuRxyequ8d5QFQovWqG+FEsS3FIxPjn64S5bQyM=", "movie"=>{"title"=>"something", "rating"=>"G", "release_date(1i)"=>"2015", "release_date(2i)"=>"4", "release_date(3i)"=>"10", "director"=>"bob"}, "commit"=>"Save Changes"}
  [1m[35m (0.3ms)[0m  begin transaction
  [1m[36mSQL (28.1ms)[0m  [1mINSERT INTO "movies" ("created_at", "description", "director", "rating", "release_date", "title", "updated_at") VALUES (?, ?, ?, ?, ?, ?, ?)[0m  [["created_at", Fri, 10 Apr 2015 20:25:08 UTC +00:00], ["description", nil], ["director", "bob"], ["rating", "G"], ["release_date", Fri, 10 Apr 2015 00:00:00 UTC +00:00], ["title", "something"], ["updated_at", Fri, 10 Apr 2015 20:25:08 UTC +00:00]]
  [1m[35m (37.8ms)[0m  commit transaction
Redirected to http://localhost:3000/movies
Completed 302 Found in 84.8ms (ActiveRecord: 66.2ms)


Started GET "/movies" for 127.0.0.1 at 2015-04-10 17:25:09 -0300
Processing by MoviesController#index as HTML
Redirected to http://localhost:3000/movies?ratings%5BG%5D=G&ratings%5BNC-17%5D=NC-17&ratings%5BPG%5D=PG&ratings%5BPG-13%5D=PG-13&ratings%5BR%5D=R&sort=release_date
Completed 302 Found in 4.3ms (ActiveRecord: 0.0ms)


Started GET "/movies?ratings%5BG%5D=G&ratings%5BNC-17%5D=NC-17&ratings%5BPG%5D=PG&ratings%5BPG-13%5D=PG-13&ratings%5BR%5D=R&sort=release_date" for 127.0.0.1 at 2015-04-10 17:25:09 -0300
Processing by MoviesController#index as HTML
  Parameters: {"ratings"=>{"G"=>"G", "NC-17"=>"NC-17", "PG"=>"PG", "PG-13"=>"PG-13", "R"=>"R"}, "sort"=>"release_date"}
  [1m[36mMovie Load (1.2ms)[0m  [1mSELECT "movies".* FROM "movies" WHERE "movies"."rating" IN ('G', 'NC-17', 'PG', 'PG-13', 'R') ORDER BY release_date[0m
  Rendered movies/index.html.haml within layouts/application (38.7ms)
Completed 200 OK in 74.8ms (Views: 60.5ms | ActiveRecord: 1.2ms)


Started GET "/assets/application.css?body=1" for 127.0.0.1 at 2015-04-10 17:25:09 -0300
Served asset /application.css - 304 Not Modified (16ms)


Started GET "/assets/jquery.js?body=1" for 127.0.0.1 at 2015-04-10 17:25:09 -0300
Served asset /jquery.js - 304 Not Modified (18ms)


Started GET "/assets/application.js?body=1" for 127.0.0.1 at 2015-04-10 17:25:09 -0300
Served asset /application.js - 304 Not Modified (5ms)


Started GET "/assets/jquery_ujs.js?body=1" for 127.0.0.1 at 2015-04-10 17:25:09 -0300
Served asset /jquery_ujs.js - 304 Not Modified (0ms)
